<?xml version="1.0" encoding="UTF-8"?>
<!-- Generated by org.testng.reporters.JUnitXMLReporter -->
<testsuite ignored="0" hostname="DESKTOP-SB17MVI" failures="0" tests="1" name="Test" time="0.802" errors="0" timestamp="2024-01-13T17:44:47 IST">
  <testcase classname="com.vision.qa.base.BaseTest" name="@BeforeMethod beforeMethodMethod" time="-1.705148087344E9">
    <failure type="org.testng.TestNGException" message="
Method beforeMethodMethod requires 2 parameters but 1 were supplied in the BeforeMethod annotation.">
      <![CDATA[org.testng.TestNGException: 
Method beforeMethodMethod requires 2 parameters but 1 were supplied in the BeforeMethod annotation.
at java.base/java.util.ArrayList.forEach(ArrayList.java:1511)
... Removed 28 stack frames]]>
    </failure>
  </testcase> <!-- @BeforeMethod beforeMethodMethod -->
  <testcase classname="com.vision.qa.base.BaseTest" name="@AfterMethod afterMethod" time="-1.705148087372E9">
    <skipped/>
  </testcase> <!-- @AfterMethod afterMethod -->
  <testcase classname="com.vision.qa.orangeHrm.NewTest1" name="verifyTitleMethod" time="0.0">
    <skipped/>
  </testcase> <!-- verifyTitleMethod -->
</testsuite> <!-- Test -->
